\BOOKMARK [1][-]{section.1}{INTRODUCTION}{}% 1
\BOOKMARK [2][-]{subsection.1.1}{Background}{section.1}% 2
\BOOKMARK [2][-]{subsection.1.2}{Objectives and Restrictions}{section.1}% 3
\BOOKMARK [2][-]{subsection.1.3}{Structure of the Thesis}{section.1}% 4
\BOOKMARK [1][-]{section.2}{SEGMENTATION OF RETINAL IMAGES}{}% 5
\BOOKMARK [2][-]{subsection.2.1}{Optic disc detection}{section.2}% 6
\BOOKMARK [2][-]{subsection.2.2}{Blood vessel detection}{section.2}% 7
\BOOKMARK [2][-]{subsection.2.3}{Examples of Equations}{section.2}% 8
\BOOKMARK [1][-]{section.3}{SENSITIVITY ANALYSIS OF IMAGE FEATURES}{}% 9
\BOOKMARK [1][-]{section.4}{EXPERIMENTS AND RESULTS}{}% 10
\BOOKMARK [2][-]{subsection.4.1}{Retinal Image Databases}{section.4}% 11
\BOOKMARK [2][-]{subsection.4.2}{The Ground Truth}{section.4}% 12
\BOOKMARK [2][-]{subsection.4.3}{Experiment 1}{section.4}% 13
\BOOKMARK [2][-]{subsection.4.4}{Experiment 2}{section.4}% 14
\BOOKMARK [1][-]{section.5}{DISCUSSION}{}% 15
\BOOKMARK [2][-]{subsection.5.1}{Segmentation Results}{section.5}% 16
\BOOKMARK [2][-]{subsection.5.2}{Sensitivity of Image Features}{section.5}% 17
\BOOKMARK [2][-]{subsection.5.3}{Future Work}{section.5}% 18
\BOOKMARK [1][-]{section.6}{CONCLUSIONS}{}% 19
\BOOKMARK [1][-]{section.6}{REFERENCES}{}% 20
